

Terminals which are not used:

   tID


State 11 contains 9 shift/reduce conflicts.
State 23 contains 1 shift/reduce conflict.
State 35 contains 2 shift/reduce conflicts.
State 49 contains 8 shift/reduce conflicts.
State 54 contains 6 shift/reduce conflicts.
State 61 contains 8 shift/reduce conflicts.
State 64 contains 6 shift/reduce conflicts.

Grammar
rule 1    spec ->		/* empty */
rule 2    spec -> spec item
rule 3    item -> time
rule 4    item -> zone
rule 5    item -> date
rule 6    item -> day
rule 7    item -> rel
rule 8    item -> number
rule 9    time -> tUNUMBER tMERIDIAN
rule 10   time -> tUNUMBER ':' tUNUMBER o_merid
rule 11   time -> tUNUMBER ':' tUNUMBER rel
rule 12   time -> tUNUMBER ':' tUNUMBER tSNUMBER
rule 13   time -> tUNUMBER ':' tUNUMBER ':' tUNUMBER o_merid
rule 14   time -> tUNUMBER ':' tUNUMBER ':' tUNUMBER rel
rule 15   time -> tUNUMBER ':' tUNUMBER ':' tUNUMBER tSNUMBER
rule 16   zone -> tZONE
rule 17   zone -> tDAYZONE
rule 18   zone -> tZONE tDST
rule 19   day -> tDAY
rule 20   day -> tDAY ','
rule 21   day -> tUNUMBER tDAY
rule 22   date -> tUNUMBER '/' tUNUMBER
rule 23   date -> tMONTH tUNUMBER tUNUMBER ':' tUNUMBER ':' tUNUMBER tUNUMBER
rule 24   date -> tUNUMBER '/' tUNUMBER '/' tUNUMBER
rule 25   date -> tUNUMBER tSNUMBER tSNUMBER
rule 26   date -> tUNUMBER tMONTH tSNUMBER
rule 27   date -> tMONTH tUNUMBER tUNUMBER
rule 28   date -> tMONTH tUNUMBER
rule 29   date -> tMONTH tUNUMBER ',' tUNUMBER
rule 30   date -> tUNUMBER tMONTH
rule 31   date -> tUNUMBER tMONTH tUNUMBER
rule 32   rel -> relunit tAGO
rule 33   rel -> relunit
rule 34   relunit -> tUNUMBER tYEAR_UNIT
rule 35   relunit -> tSNUMBER tYEAR_UNIT
rule 36   relunit -> tYEAR_UNIT
rule 37   relunit -> tUNUMBER tMONTH_UNIT
rule 38   relunit -> tSNUMBER tMONTH_UNIT
rule 39   relunit -> tMONTH_UNIT
rule 40   relunit -> tUNUMBER tDAY_UNIT
rule 41   relunit -> tSNUMBER tDAY_UNIT
rule 42   relunit -> tDAY_UNIT
rule 43   relunit -> tUNUMBER tHOUR_UNIT
rule 44   relunit -> tSNUMBER tHOUR_UNIT
rule 45   relunit -> tHOUR_UNIT
rule 46   relunit -> tUNUMBER tMINUTE_UNIT
rule 47   relunit -> tSNUMBER tMINUTE_UNIT
rule 48   relunit -> tMINUTE_UNIT
rule 49   relunit -> tUNUMBER tSEC_UNIT
rule 50   relunit -> tSNUMBER tSEC_UNIT
rule 51   relunit -> tSEC_UNIT
rule 52   number -> tUNUMBER
rule 53   o_merid ->		/* empty */
rule 54   o_merid -> tMERIDIAN

Terminals, with rules where they appear

$ (-1)
',' (44) 20 29
'/' (47) 22 24
':' (58) 10 11 12 13 14 15 23
error (256)
tAGO (257) 32
tDAY (258) 19 20 21
tDAY_UNIT (259) 40 41 42
tDAYZONE (260) 17
tDST (261) 18
tHOUR_UNIT (262) 43 44 45
tID (263)
tMERIDIAN (264) 9 54
tMINUTE_UNIT (265) 46 47 48
tMONTH (266) 23 26 27 28 29 30 31
tMONTH_UNIT (267) 37 38 39
tSEC_UNIT (268) 49 50 51
tSNUMBER (269) 12 15 25 26 35 38 41 44 47 50
tUNUMBER (270) 9 10 11 12 13 14 15 21 22 23 24 25 26 27 28 29 30 31
    34 37 40 43 46 49 52
tYEAR_UNIT (271) 34 35 36
tZONE (272) 16 18

Nonterminals, with rules where they appear

spec (22)
    on left: 1 2, on right: 2
item (23)
    on left: 3 4 5 6 7 8, on right: 2
time (24)
    on left: 9 10 11 12 13 14 15, on right: 3
zone (25)
    on left: 16 17 18, on right: 4
day (26)
    on left: 19 20 21, on right: 6
date (27)
    on left: 22 23 24 25 26 27 28 29 30 31, on right: 5
rel (28)
    on left: 32 33, on right: 7 11 14
relunit (29)
    on left: 34 35 36 37 38 39 40 41 42 43 44 45 46 47 48 49 50 51
   , on right: 32 33
number (30)
    on left: 52, on right: 8
o_merid (31)
    on left: 53 54, on right: 10 13


state 0

    $default	reduce using rule 1 (spec)

    spec	go to state 1



state 1

    spec  ->  spec . item   (rule 2)

    $   	go to state 69
    tDAY	shift, and go to state 2
    tDAY_UNIT	shift, and go to state 3
    tDAYZONE	shift, and go to state 4
    tHOUR_UNIT	shift, and go to state 5
    tMINUTE_UNIT	shift, and go to state 6
    tMONTH	shift, and go to state 7
    tMONTH_UNIT	shift, and go to state 8
    tSEC_UNIT	shift, and go to state 9
    tSNUMBER	shift, and go to state 10
    tUNUMBER	shift, and go to state 11
    tYEAR_UNIT	shift, and go to state 12
    tZONE	shift, and go to state 13

    item	go to state 14
    time	go to state 15
    zone	go to state 16
    day 	go to state 17
    date	go to state 18
    rel 	go to state 19
    relunit	go to state 20
    number	go to state 21



state 2

    day  ->  tDAY .   (rule 19)
    day  ->  tDAY . ','   (rule 20)

    ',' 	shift, and go to state 22

    $default	reduce using rule 19 (day)



state 3

    relunit  ->  tDAY_UNIT .   (rule 42)

    $default	reduce using rule 42 (relunit)



state 4

    zone  ->  tDAYZONE .   (rule 17)

    $default	reduce using rule 17 (zone)



state 5

    relunit  ->  tHOUR_UNIT .   (rule 45)

    $default	reduce using rule 45 (relunit)



state 6

    relunit  ->  tMINUTE_UNIT .   (rule 48)

    $default	reduce using rule 48 (relunit)



state 7

    date  ->  tMONTH . tUNUMBER tUNUMBER ':' tUNUMBER ':' tUNUMBER tUNUMBER   (rule 23)
    date  ->  tMONTH . tUNUMBER tUNUMBER   (rule 27)
    date  ->  tMONTH . tUNUMBER   (rule 28)
    date  ->  tMONTH . tUNUMBER ',' tUNUMBER   (rule 29)

    tUNUMBER	shift, and go to state 23



state 8

    relunit  ->  tMONTH_UNIT .   (rule 39)

    $default	reduce using rule 39 (relunit)



state 9

    relunit  ->  tSEC_UNIT .   (rule 51)

    $default	reduce using rule 51 (relunit)



state 10

    relunit  ->  tSNUMBER . tYEAR_UNIT   (rule 35)
    relunit  ->  tSNUMBER . tMONTH_UNIT   (rule 38)
    relunit  ->  tSNUMBER . tDAY_UNIT   (rule 41)
    relunit  ->  tSNUMBER . tHOUR_UNIT   (rule 44)
    relunit  ->  tSNUMBER . tMINUTE_UNIT   (rule 47)
    relunit  ->  tSNUMBER . tSEC_UNIT   (rule 50)

    tDAY_UNIT	shift, and go to state 24
    tHOUR_UNIT	shift, and go to state 25
    tMINUTE_UNIT	shift, and go to state 26
    tMONTH_UNIT	shift, and go to state 27
    tSEC_UNIT	shift, and go to state 28
    tYEAR_UNIT	shift, and go to state 29



state 11

    time  ->  tUNUMBER . tMERIDIAN   (rule 9)
    time  ->  tUNUMBER . ':' tUNUMBER o_merid   (rule 10)
    time  ->  tUNUMBER . ':' tUNUMBER rel   (rule 11)
    time  ->  tUNUMBER . ':' tUNUMBER tSNUMBER   (rule 12)
    time  ->  tUNUMBER . ':' tUNUMBER ':' tUNUMBER o_merid   (rule 13)
    time  ->  tUNUMBER . ':' tUNUMBER ':' tUNUMBER rel   (rule 14)
    time  ->  tUNUMBER . ':' tUNUMBER ':' tUNUMBER tSNUMBER   (rule 15)
    day  ->  tUNUMBER . tDAY   (rule 21)
    date  ->  tUNUMBER . '/' tUNUMBER   (rule 22)
    date  ->  tUNUMBER . '/' tUNUMBER '/' tUNUMBER   (rule 24)
    date  ->  tUNUMBER . tSNUMBER tSNUMBER   (rule 25)
    date  ->  tUNUMBER . tMONTH tSNUMBER   (rule 26)
    date  ->  tUNUMBER . tMONTH   (rule 30)
    date  ->  tUNUMBER . tMONTH tUNUMBER   (rule 31)
    relunit  ->  tUNUMBER . tYEAR_UNIT   (rule 34)
    relunit  ->  tUNUMBER . tMONTH_UNIT   (rule 37)
    relunit  ->  tUNUMBER . tDAY_UNIT   (rule 40)
    relunit  ->  tUNUMBER . tHOUR_UNIT   (rule 43)
    relunit  ->  tUNUMBER . tMINUTE_UNIT   (rule 46)
    relunit  ->  tUNUMBER . tSEC_UNIT   (rule 49)
    number  ->  tUNUMBER .   (rule 52)

    tDAY	shift, and go to state 30
    tDAY_UNIT	shift, and go to state 31
    tHOUR_UNIT	shift, and go to state 32
    tMERIDIAN	shift, and go to state 33
    tMINUTE_UNIT	shift, and go to state 34
    tMONTH	shift, and go to state 35
    tMONTH_UNIT	shift, and go to state 36
    tSEC_UNIT	shift, and go to state 37
    tSNUMBER	shift, and go to state 38
    tYEAR_UNIT	shift, and go to state 39
    ':' 	shift, and go to state 40
    '/' 	shift, and go to state 41

    tDAY	[reduce using rule 52 (number)]
    tDAY_UNIT	[reduce using rule 52 (number)]
    tHOUR_UNIT	[reduce using rule 52 (number)]
    tMINUTE_UNIT	[reduce using rule 52 (number)]
    tMONTH	[reduce using rule 52 (number)]
    tMONTH_UNIT	[reduce using rule 52 (number)]
    tSEC_UNIT	[reduce using rule 52 (number)]
    tSNUMBER	[reduce using rule 52 (number)]
    tYEAR_UNIT	[reduce using rule 52 (number)]
    $default	reduce using rule 52 (number)



state 12

    relunit  ->  tYEAR_UNIT .   (rule 36)

    $default	reduce using rule 36 (relunit)



state 13

    zone  ->  tZONE .   (rule 16)
    zone  ->  tZONE . tDST   (rule 18)

    tDST	shift, and go to state 42

    $default	reduce using rule 16 (zone)



state 14

    spec  ->  spec item .   (rule 2)

    $default	reduce using rule 2 (spec)



state 15

    item  ->  time .   (rule 3)

    $default	reduce using rule 3 (item)



state 16

    item  ->  zone .   (rule 4)

    $default	reduce using rule 4 (item)



state 17

    item  ->  day .   (rule 6)

    $default	reduce using rule 6 (item)



state 18

    item  ->  date .   (rule 5)

    $default	reduce using rule 5 (item)



state 19

    item  ->  rel .   (rule 7)

    $default	reduce using rule 7 (item)



state 20

    rel  ->  relunit . tAGO   (rule 32)
    rel  ->  relunit .   (rule 33)

    tAGO	shift, and go to state 43

    $default	reduce using rule 33 (rel)



state 21

    item  ->  number .   (rule 8)

    $default	reduce using rule 8 (item)



state 22

    day  ->  tDAY ',' .   (rule 20)

    $default	reduce using rule 20 (day)



state 23

    date  ->  tMONTH tUNUMBER . tUNUMBER ':' tUNUMBER ':' tUNUMBER tUNUMBER   (rule 23)
    date  ->  tMONTH tUNUMBER . tUNUMBER   (rule 27)
    date  ->  tMONTH tUNUMBER .   (rule 28)
    date  ->  tMONTH tUNUMBER . ',' tUNUMBER   (rule 29)

    tUNUMBER	shift, and go to state 44
    ',' 	shift, and go to state 45

    tUNUMBER	[reduce using rule 28 (date)]
    $default	reduce using rule 28 (date)



state 24

    relunit  ->  tSNUMBER tDAY_UNIT .   (rule 41)

    $default	reduce using rule 41 (relunit)



state 25

    relunit  ->  tSNUMBER tHOUR_UNIT .   (rule 44)

    $default	reduce using rule 44 (relunit)



state 26

    relunit  ->  tSNUMBER tMINUTE_UNIT .   (rule 47)

    $default	reduce using rule 47 (relunit)



state 27

    relunit  ->  tSNUMBER tMONTH_UNIT .   (rule 38)

    $default	reduce using rule 38 (relunit)



state 28

    relunit  ->  tSNUMBER tSEC_UNIT .   (rule 50)

    $default	reduce using rule 50 (relunit)



state 29

    relunit  ->  tSNUMBER tYEAR_UNIT .   (rule 35)

    $default	reduce using rule 35 (relunit)



state 30

    day  ->  tUNUMBER tDAY .   (rule 21)

    $default	reduce using rule 21 (day)



state 31

    relunit  ->  tUNUMBER tDAY_UNIT .   (rule 40)

    $default	reduce using rule 40 (relunit)



state 32

    relunit  ->  tUNUMBER tHOUR_UNIT .   (rule 43)

    $default	reduce using rule 43 (relunit)



state 33

    time  ->  tUNUMBER tMERIDIAN .   (rule 9)

    $default	reduce using rule 9 (time)



state 34

    relunit  ->  tUNUMBER tMINUTE_UNIT .   (rule 46)

    $default	reduce using rule 46 (relunit)



state 35

    date  ->  tUNUMBER tMONTH . tSNUMBER   (rule 26)
    date  ->  tUNUMBER tMONTH .   (rule 30)
    date  ->  tUNUMBER tMONTH . tUNUMBER   (rule 31)

    tSNUMBER	shift, and go to state 46
    tUNUMBER	shift, and go to state 47

    tSNUMBER	[reduce using rule 30 (date)]
    tUNUMBER	[reduce using rule 30 (date)]
    $default	reduce using rule 30 (date)



state 36

    relunit  ->  tUNUMBER tMONTH_UNIT .   (rule 37)

    $default	reduce using rule 37 (relunit)



state 37

    relunit  ->  tUNUMBER tSEC_UNIT .   (rule 49)

    $default	reduce using rule 49 (relunit)



state 38

    date  ->  tUNUMBER tSNUMBER . tSNUMBER   (rule 25)

    tSNUMBER	shift, and go to state 48



state 39

    relunit  ->  tUNUMBER tYEAR_UNIT .   (rule 34)

    $default	reduce using rule 34 (relunit)



state 40

    time  ->  tUNUMBER ':' . tUNUMBER o_merid   (rule 10)
    time  ->  tUNUMBER ':' . tUNUMBER rel   (rule 11)
    time  ->  tUNUMBER ':' . tUNUMBER tSNUMBER   (rule 12)
    time  ->  tUNUMBER ':' . tUNUMBER ':' tUNUMBER o_merid   (rule 13)
    time  ->  tUNUMBER ':' . tUNUMBER ':' tUNUMBER rel   (rule 14)
    time  ->  tUNUMBER ':' . tUNUMBER ':' tUNUMBER tSNUMBER   (rule 15)

    tUNUMBER	shift, and go to state 49



state 41

    date  ->  tUNUMBER '/' . tUNUMBER   (rule 22)
    date  ->  tUNUMBER '/' . tUNUMBER '/' tUNUMBER   (rule 24)

    tUNUMBER	shift, and go to state 50



state 42

    zone  ->  tZONE tDST .   (rule 18)

    $default	reduce using rule 18 (zone)



state 43

    rel  ->  relunit tAGO .   (rule 32)

    $default	reduce using rule 32 (rel)



state 44

    date  ->  tMONTH tUNUMBER tUNUMBER . ':' tUNUMBER ':' tUNUMBER tUNUMBER   (rule 23)
    date  ->  tMONTH tUNUMBER tUNUMBER .   (rule 27)

    ':' 	shift, and go to state 51

    $default	reduce using rule 27 (date)



state 45

    date  ->  tMONTH tUNUMBER ',' . tUNUMBER   (rule 29)

    tUNUMBER	shift, and go to state 52



state 46

    date  ->  tUNUMBER tMONTH tSNUMBER .   (rule 26)

    $default	reduce using rule 26 (date)



state 47

    date  ->  tUNUMBER tMONTH tUNUMBER .   (rule 31)

    $default	reduce using rule 31 (date)



state 48

    date  ->  tUNUMBER tSNUMBER tSNUMBER .   (rule 25)

    $default	reduce using rule 25 (date)



state 49

    time  ->  tUNUMBER ':' tUNUMBER . o_merid   (rule 10)
    time  ->  tUNUMBER ':' tUNUMBER . rel   (rule 11)
    time  ->  tUNUMBER ':' tUNUMBER . tSNUMBER   (rule 12)
    time  ->  tUNUMBER ':' tUNUMBER . ':' tUNUMBER o_merid   (rule 13)
    time  ->  tUNUMBER ':' tUNUMBER . ':' tUNUMBER rel   (rule 14)
    time  ->  tUNUMBER ':' tUNUMBER . ':' tUNUMBER tSNUMBER   (rule 15)

    tDAY_UNIT	shift, and go to state 3
    tHOUR_UNIT	shift, and go to state 5
    tMERIDIAN	shift, and go to state 53
    tMINUTE_UNIT	shift, and go to state 6
    tMONTH_UNIT	shift, and go to state 8
    tSEC_UNIT	shift, and go to state 9
    tSNUMBER	shift, and go to state 54
    tUNUMBER	shift, and go to state 55
    tYEAR_UNIT	shift, and go to state 12
    ':' 	shift, and go to state 56

    tDAY_UNIT	[reduce using rule 53 (o_merid)]
    tHOUR_UNIT	[reduce using rule 53 (o_merid)]
    tMINUTE_UNIT	[reduce using rule 53 (o_merid)]
    tMONTH_UNIT	[reduce using rule 53 (o_merid)]
    tSEC_UNIT	[reduce using rule 53 (o_merid)]
    tSNUMBER	[reduce using rule 53 (o_merid)]
    tUNUMBER	[reduce using rule 53 (o_merid)]
    tYEAR_UNIT	[reduce using rule 53 (o_merid)]
    $default	reduce using rule 53 (o_merid)

    rel 	go to state 57
    relunit	go to state 20
    o_merid	go to state 58



state 50

    date  ->  tUNUMBER '/' tUNUMBER .   (rule 22)
    date  ->  tUNUMBER '/' tUNUMBER . '/' tUNUMBER   (rule 24)

    '/' 	shift, and go to state 59

    $default	reduce using rule 22 (date)



state 51

    date  ->  tMONTH tUNUMBER tUNUMBER ':' . tUNUMBER ':' tUNUMBER tUNUMBER   (rule 23)

    tUNUMBER	shift, and go to state 60



state 52

    date  ->  tMONTH tUNUMBER ',' tUNUMBER .   (rule 29)

    $default	reduce using rule 29 (date)



state 53

    o_merid  ->  tMERIDIAN .   (rule 54)

    $default	reduce using rule 54 (o_merid)



state 54

    time  ->  tUNUMBER ':' tUNUMBER tSNUMBER .   (rule 12)
    relunit  ->  tSNUMBER . tYEAR_UNIT   (rule 35)
    relunit  ->  tSNUMBER . tMONTH_UNIT   (rule 38)
    relunit  ->  tSNUMBER . tDAY_UNIT   (rule 41)
    relunit  ->  tSNUMBER . tHOUR_UNIT   (rule 44)
    relunit  ->  tSNUMBER . tMINUTE_UNIT   (rule 47)
    relunit  ->  tSNUMBER . tSEC_UNIT   (rule 50)

    tDAY_UNIT	shift, and go to state 24
    tHOUR_UNIT	shift, and go to state 25
    tMINUTE_UNIT	shift, and go to state 26
    tMONTH_UNIT	shift, and go to state 27
    tSEC_UNIT	shift, and go to state 28
    tYEAR_UNIT	shift, and go to state 29

    tDAY_UNIT	[reduce using rule 12 (time)]
    tHOUR_UNIT	[reduce using rule 12 (time)]
    tMINUTE_UNIT	[reduce using rule 12 (time)]
    tMONTH_UNIT	[reduce using rule 12 (time)]
    tSEC_UNIT	[reduce using rule 12 (time)]
    tYEAR_UNIT	[reduce using rule 12 (time)]
    $default	reduce using rule 12 (time)



state 55

    relunit  ->  tUNUMBER . tYEAR_UNIT   (rule 34)
    relunit  ->  tUNUMBER . tMONTH_UNIT   (rule 37)
    relunit  ->  tUNUMBER . tDAY_UNIT   (rule 40)
    relunit  ->  tUNUMBER . tHOUR_UNIT   (rule 43)
    relunit  ->  tUNUMBER . tMINUTE_UNIT   (rule 46)
    relunit  ->  tUNUMBER . tSEC_UNIT   (rule 49)

    tDAY_UNIT	shift, and go to state 31
    tHOUR_UNIT	shift, and go to state 32
    tMINUTE_UNIT	shift, and go to state 34
    tMONTH_UNIT	shift, and go to state 36
    tSEC_UNIT	shift, and go to state 37
    tYEAR_UNIT	shift, and go to state 39



state 56

    time  ->  tUNUMBER ':' tUNUMBER ':' . tUNUMBER o_merid   (rule 13)
    time  ->  tUNUMBER ':' tUNUMBER ':' . tUNUMBER rel   (rule 14)
    time  ->  tUNUMBER ':' tUNUMBER ':' . tUNUMBER tSNUMBER   (rule 15)

    tUNUMBER	shift, and go to state 61



state 57

    time  ->  tUNUMBER ':' tUNUMBER rel .   (rule 11)

    $default	reduce using rule 11 (time)



state 58

    time  ->  tUNUMBER ':' tUNUMBER o_merid .   (rule 10)

    $default	reduce using rule 10 (time)



state 59

    date  ->  tUNUMBER '/' tUNUMBER '/' . tUNUMBER   (rule 24)

    tUNUMBER	shift, and go to state 62



state 60

    date  ->  tMONTH tUNUMBER tUNUMBER ':' tUNUMBER . ':' tUNUMBER tUNUMBER   (rule 23)

    ':' 	shift, and go to state 63



state 61

    time  ->  tUNUMBER ':' tUNUMBER ':' tUNUMBER . o_merid   (rule 13)
    time  ->  tUNUMBER ':' tUNUMBER ':' tUNUMBER . rel   (rule 14)
    time  ->  tUNUMBER ':' tUNUMBER ':' tUNUMBER . tSNUMBER   (rule 15)

    tDAY_UNIT	shift, and go to state 3
    tHOUR_UNIT	shift, and go to state 5
    tMERIDIAN	shift, and go to state 53
    tMINUTE_UNIT	shift, and go to state 6
    tMONTH_UNIT	shift, and go to state 8
    tSEC_UNIT	shift, and go to state 9
    tSNUMBER	shift, and go to state 64
    tUNUMBER	shift, and go to state 55
    tYEAR_UNIT	shift, and go to state 12

    tDAY_UNIT	[reduce using rule 53 (o_merid)]
    tHOUR_UNIT	[reduce using rule 53 (o_merid)]
    tMINUTE_UNIT	[reduce using rule 53 (o_merid)]
    tMONTH_UNIT	[reduce using rule 53 (o_merid)]
    tSEC_UNIT	[reduce using rule 53 (o_merid)]
    tSNUMBER	[reduce using rule 53 (o_merid)]
    tUNUMBER	[reduce using rule 53 (o_merid)]
    tYEAR_UNIT	[reduce using rule 53 (o_merid)]
    $default	reduce using rule 53 (o_merid)

    rel 	go to state 65
    relunit	go to state 20
    o_merid	go to state 66



state 62

    date  ->  tUNUMBER '/' tUNUMBER '/' tUNUMBER .   (rule 24)

    $default	reduce using rule 24 (date)



state 63

    date  ->  tMONTH tUNUMBER tUNUMBER ':' tUNUMBER ':' . tUNUMBER tUNUMBER   (rule 23)

    tUNUMBER	shift, and go to state 67



state 64

    time  ->  tUNUMBER ':' tUNUMBER ':' tUNUMBER tSNUMBER .   (rule 15)
    relunit  ->  tSNUMBER . tYEAR_UNIT   (rule 35)
    relunit  ->  tSNUMBER . tMONTH_UNIT   (rule 38)
    relunit  ->  tSNUMBER . tDAY_UNIT   (rule 41)
    relunit  ->  tSNUMBER . tHOUR_UNIT   (rule 44)
    relunit  ->  tSNUMBER . tMINUTE_UNIT   (rule 47)
    relunit  ->  tSNUMBER . tSEC_UNIT   (rule 50)

    tDAY_UNIT	shift, and go to state 24
    tHOUR_UNIT	shift, and go to state 25
    tMINUTE_UNIT	shift, and go to state 26
    tMONTH_UNIT	shift, and go to state 27
    tSEC_UNIT	shift, and go to state 28
    tYEAR_UNIT	shift, and go to state 29

    tDAY_UNIT	[reduce using rule 15 (time)]
    tHOUR_UNIT	[reduce using rule 15 (time)]
    tMINUTE_UNIT	[reduce using rule 15 (time)]
    tMONTH_UNIT	[reduce using rule 15 (time)]
    tSEC_UNIT	[reduce using rule 15 (time)]
    tYEAR_UNIT	[reduce using rule 15 (time)]
    $default	reduce using rule 15 (time)



state 65

    time  ->  tUNUMBER ':' tUNUMBER ':' tUNUMBER rel .   (rule 14)

    $default	reduce using rule 14 (time)



state 66

    time  ->  tUNUMBER ':' tUNUMBER ':' tUNUMBER o_merid .   (rule 13)

    $default	reduce using rule 13 (time)



state 67

    date  ->  tMONTH tUNUMBER tUNUMBER ':' tUNUMBER ':' tUNUMBER . tUNUMBER   (rule 23)

    tUNUMBER	shift, and go to state 68



state 68

    date  ->  tMONTH tUNUMBER tUNUMBER ':' tUNUMBER ':' tUNUMBER tUNUMBER .   (rule 23)

    $default	reduce using rule 23 (date)



state 69

    $   	go to state 70



state 70

    $default	accept
